<?xml version='1.0' encoding='ISO-8859-1' ?>
<!--
  ~ Copyright 2003-2017 JetBrains s.r.o.
  ~
  ~ Licensed under the Apache License, Version 2.0 (the "License");
  ~ you may not use this file except in compliance with the License.
  ~ You may obtain a copy of the License at
  ~
  ~ http://www.apache.org/licenses/LICENSE-2.0
  ~
  ~ Unless required by applicable law or agreed to in writing, software
  ~ distributed under the License is distributed on an "AS IS" BASIS,
  ~ WITHOUT WARRANTIES OR CONDITIONS OF ANY KIND, either express or implied.
  ~ See the License for the specific language governing permissions and
  ~ limitations under the License.
  -->

<!DOCTYPE log4j:configuration SYSTEM "file:$APPLICATION_DIR$/bin/log4j.dtd">

<log4j:configuration>
  <appender name="CONSOLE-TRACE" class="org.apache.log4j.ConsoleAppender">
    <param name="follow" value="true"/>
    <layout class="org.apache.log4j.PatternLayout">
      <param name="ConversionPattern" value="[%7r] %6p - %30.30c - %m \n"/>
    </layout>
    <filter class="org.apache.log4j.varia.LevelRangeFilter">
      <param name="LevelMin" value="TRACE"/>
      <param name="LevelMax" value="TRACE"/>
    </filter>
  </appender>

  <appender name="CONSOLE-DEBUG" class="org.apache.log4j.ConsoleAppender">
    <param name="follow" value="true"/>
    <layout class="org.apache.log4j.PatternLayout">
      <param name="ConversionPattern" value="[%7r] %6p - %30.30c - %m \n"/>
    </layout>
    <filter class="org.apache.log4j.varia.LevelRangeFilter">
      <param name="LevelMin" value="DEBUG"/>
      <param name="LevelMax" value="DEBUG"/>
    </filter>
  </appender>

  <appender name="CONSOLE-INFO" class="org.apache.log4j.ConsoleAppender">
    <param name="follow" value="true"/>
    <layout class="org.apache.log4j.PatternLayout">
      <param name="ConversionPattern" value="[%7r] %6p - %30.30c - %m \n"/>
    </layout>
    <filter class="org.apache.log4j.varia.LevelRangeFilter">
      <param name="LevelMin" value="INFO"/>
      <param name="LevelMax" value="INFO"/>
    </filter>
  </appender>

  <appender name="CONSOLE-WARN" class="org.apache.log4j.ConsoleAppender">
    <param name="follow" value="true"/>
    <param name="target" value="System.err"/>
    <layout class="org.apache.log4j.PatternLayout">
      <param name="ConversionPattern" value="[%7r] %6p - %30.30c - %m \n"/>
    </layout>
    <filter class="org.apache.log4j.varia.LevelRangeFilter">
      <param name="LevelMin" value="WARN"/>
    </filter>
  </appender>

  <appender name="CONSOLE-ALL" class="org.apache.log4j.ConsoleAppender">
    <param name="follow" value="true"/>
    <layout class="org.apache.log4j.PatternLayout">
      <param name="ConversionPattern" value="[%7r] %6p - %30.30c - %m \n"/>
    </layout>
  </appender>

  <appender name="MPS-FILE" class="org.apache.log4j.RollingFileAppender">
    <param name="MaxFileSize" value="10Mb"/>
    <param name="MaxBackupIndex" value="3"/>
    <param name="file" value="$LOG_DIR$/MPSPlugin.log"/>
    <layout class="org.apache.log4j.PatternLayout">
      <param name="ConversionPattern" value="%d [%7r] %6p - %30.60c - %m \n"/>
    </layout>
  </appender>

  <!-- Priority for com.intellij is at least WARN (hiding INFO) -->
  <category name="com.intellij">
    <priority value="WARN"/>
  </category>

  <!-- In addition logging all INFO messages from jetbrains.mps into console -->
  <category name="jetbrains.mps">
    <priority value="INFO"/>
    <appender-ref ref="CONSOLE-INFO"/>
  </category>

  <!-- In addition logging all INFO messages from #org.jetbrains.jps into console -->
  <category name="#org.jetbrains.jps">
    <priority value="INFO"/>
    <appender-ref ref="CONSOLE-INFO"/>
  </category>

  <!-- In addition logging all INFO messages from #com.intellij into console -->
  <category name="#com.intellij">
    <priority value="INFO"/>
    <appender-ref ref="CONSOLE-INFO"/>
  </category>

  <!--
    Logging all messages:
      - with the priority at least INFO (or higher) into the file
      - with the priority at least WARN into console

    if some specific sub-categories requires more detailed logging
    (either to a separate file or console) please use separate category
    tag specifying additional settings
  -->
  <root>
    <priority value="INFO"/>
    <appender-ref ref="CONSOLE-WARN"/>
    <appender-ref ref="MPS-FILE"/>
  </root>
</log4j:configuration>
